# JRE version: OpenJDK Runtime Environment (11.0.13) (build 11.0.13+0-b1751.21-8125866)
# Java VM: OpenJDK 64-Bit Server VM (11.0.13+0-b1751.21-8125866, mixed mode, tiered, compressed oops, g1 gc, windows-amd64)
Heap:
 garbage-first heap   total 258048K, used 24420K [0x0000000704400000, 0x0000000800000000)
  region size 1024K, 12 young (12288K), 7 survivors (7168K)
 Metaspace       used 32526K, capacity 32998K, committed 33280K, reserved 1079296K
  class space    used 3842K, capacity 4065K, committed 4096K, reserved 1048576K
GC Heap History (6 events):
Event: 0.646 GC heap before
{Heap before GC invocations=0 (full 0):
 garbage-first heap   total 258048K, used 27648K [0x0000000704400000, 0x0000000800000000)
  region size 1024K, 24 young (24576K), 0 survivors (0K)
 Metaspace       used 12334K, capacity 12446K, committed 12672K, reserved 1060864K
  class space    used 1101K, capacity 1145K, committed 1152K, reserved 1048576K
}
Event: 0.651 GC heap after
{Heap after GC invocations=1 (full 0):
 garbage-first heap   total 258048K, used 6417K [0x0000000704400000, 0x0000000800000000)
  region size 1024K, 3 young (3072K), 3 survivors (3072K)
 Metaspace       used 12334K, capacity 12446K, committed 12672K, reserved 1060864K
  class space    used 1101K, capacity 1145K, committed 1152K, reserved 1048576K
}
Event: 1.370 GC heap before
{Heap before GC invocations=1 (full 0):
 garbage-first heap   total 258048K, used 42257K [0x0000000704400000, 0x0000000800000000)
  region size 1024K, 39 young (39936K), 3 survivors (3072K)
 Metaspace       used 20908K, capacity 21176K, committed 21248K, reserved 1069056K
  class space    used 2188K, capacity 2274K, committed 2304K, reserved 1048576K
}
Event: 1.376 GC heap after
{Heap after GC invocations=2 (full 0):
 garbage-first heap   total 258048K, used 9921K [0x0000000704400000, 0x0000000800000000)
  region size 1024K, 7 young (7168K), 7 survivors (7168K)
 Metaspace       used 20908K, capacity 21176K, committed 21248K, reserved 1069056K
  class space    used 2188K, capacity 2274K, committed 2304K, reserved 1048576K
}
Event: 2.296 GC heap before
{Heap before GC invocations=3 (full 0):
 garbage-first heap   total 258048K, used 63169K [0x0000000704400000, 0x0000000800000000)
  region size 1024K, 55 young (56320K), 7 survivors (7168K)
 Metaspace       used 31968K, capacity 32481K, committed 32768K, reserved 1077248K
  class space    used 3776K, capacity 4001K, committed 4096K, reserved 1048576K
}
Event: 2.303 GC heap after
{Heap after GC invocations=4 (full 0):
 garbage-first heap   total 258048K, used 20324K [0x0000000704400000, 0x0000000800000000)
  region size 1024K, 7 young (7168K), 7 survivors (7168K)
 Metaspace       used 31968K, capacity 32481K, committed 32768K, reserved 1077248K
  class space    used 3776K, capacity 4001K, committed 4096K, reserved 1048576K
}

