# JRE version: OpenJDK Runtime Environment (11.0.13) (build 11.0.13+0-b1751.21-8125866)
# Java VM: OpenJDK 64-Bit Server VM (11.0.13+0-b1751.21-8125866, mixed mode, tiered, compressed oops, g1 gc, windows-amd64)
Heap:
 garbage-first heap   total 258048K, used 210908K [0x0000000080000000, 0x0000000100000000)
  region size 1024K, 18 young (18432K), 4 survivors (4096K)
 Metaspace       used 131219K, capacity 134886K, committed 134940K, reserved 1167360K
  class space    used 16169K, capacity 17494K, committed 17536K, reserved 1048576K
GC Heap History (20 events):
Event: 915.317 GC heap before
{Heap before GC invocations=39 (full 0):
 garbage-first heap   total 258048K, used 219473K [0x0000000080000000, 0x0000000100000000)
  region size 1024K, 40 young (40960K), 4 survivors (4096K)
 Metaspace       used 127362K, capacity 131082K, committed 131228K, reserved 1163264K
  class space    used 15723K, capacity 17025K, committed 17152K, reserved 1048576K
}
Event: 915.324 GC heap after
{Heap after GC invocations=40 (full 0):
 garbage-first heap   total 258048K, used 187802K [0x0000000080000000, 0x0000000100000000)
  region size 1024K, 5 young (5120K), 5 survivors (5120K)
 Metaspace       used 127362K, capacity 131082K, committed 131228K, reserved 1163264K
  class space    used 15723K, capacity 17025K, committed 17152K, reserved 1048576K
}
Event: 915.365 GC heap before
{Heap before GC invocations=40 (full 0):
 garbage-first heap   total 258048K, used 193946K [0x0000000080000000, 0x0000000100000000)
  region size 1024K, 12 young (12288K), 5 survivors (5120K)
 Metaspace       used 127383K, capacity 131085K, committed 131228K, reserved 1163264K
  class space    used 15723K, capacity 17025K, committed 17152K, reserved 1048576K
}
Event: 915.370 GC heap after
{Heap after GC invocations=41 (full 0):
 garbage-first heap   total 258048K, used 187829K [0x0000000080000000, 0x0000000100000000)
  region size 1024K, 1 young (1024K), 1 survivors (1024K)
 Metaspace       used 127383K, capacity 131085K, committed 131228K, reserved 1163264K
  class space    used 15723K, capacity 17025K, committed 17152K, reserved 1048576K
}
Event: 915.699 GC heap before
{Heap before GC invocations=41 (full 0):
 garbage-first heap   total 258048K, used 220597K [0x0000000080000000, 0x0000000100000000)
  region size 1024K, 34 young (34816K), 1 survivors (1024K)
 Metaspace       used 127599K, capacity 131265K, committed 131484K, reserved 1163264K
  class space    used 15732K, capacity 17034K, committed 17152K, reserved 1048576K
}
Event: 915.706 GC heap after
{Heap after GC invocations=42 (full 0):
 garbage-first heap   total 258048K, used 191297K [0x0000000080000000, 0x0000000100000000)
  region size 1024K, 5 young (5120K), 5 survivors (5120K)
 Metaspace       used 127599K, capacity 131265K, committed 131484K, reserved 1163264K
  class space    used 15732K, capacity 17034K, committed 17152K, reserved 1048576K
}
Event: 915.867 GC heap before
{Heap before GC invocations=43 (full 0):
 garbage-first heap   total 258048K, used 218945K [0x0000000080000000, 0x0000000100000000)
  region size 1024K, 34 young (34816K), 5 survivors (5120K)
 Metaspace       used 127595K, capacity 131209K, committed 131484K, reserved 1163264K
  class space    used 15718K, capacity 16990K, committed 17152K, reserved 1048576K
}
Event: 915.872 GC heap after
{Heap after GC invocations=44 (full 0):
 garbage-first heap   total 258048K, used 190945K [0x0000000080000000, 0x0000000100000000)
  region size 1024K, 2 young (2048K), 2 survivors (2048K)
 Metaspace       used 127595K, capacity 131209K, committed 131484K, reserved 1163264K
  class space    used 15718K, capacity 16990K, committed 17152K, reserved 1048576K
}
Event: 916.056 GC heap before
{Heap before GC invocations=44 (full 0):
 garbage-first heap   total 258048K, used 201185K [0x0000000080000000, 0x0000000100000000)
  region size 1024K, 12 young (12288K), 2 survivors (2048K)
 Metaspace       used 127688K, capacity 131279K, committed 131484K, reserved 1163264K
  class space    used 15727K, capacity 17031K, committed 17152K, reserved 1048576K
}
Event: 916.068 GC heap after
{Heap after GC invocations=45 (full 0):
 garbage-first heap   total 258048K, used 183795K [0x0000000080000000, 0x0000000100000000)
  region size 1024K, 1 young (1024K), 1 survivors (1024K)
 Metaspace       used 127688K, capacity 131279K, committed 131484K, reserved 1163264K
  class space    used 15727K, capacity 17031K, committed 17152K, reserved 1048576K
}
Event: 1556.589 GC heap before
{Heap before GC invocations=45 (full 0):
 garbage-first heap   total 258048K, used 218611K [0x0000000080000000, 0x0000000100000000)
  region size 1024K, 36 young (36864K), 1 survivors (1024K)
 Metaspace       used 127898K, capacity 131460K, committed 131740K, reserved 1163264K
  class space    used 15751K, capacity 17056K, committed 17152K, reserved 1048576K
}
Event: 1556.598 GC heap after
{Heap after GC invocations=46 (full 0):
 garbage-first heap   total 258048K, used 185663K [0x0000000080000000, 0x0000000100000000)
  region size 1024K, 3 young (3072K), 3 survivors (3072K)
 Metaspace       used 127898K, capacity 131460K, committed 131740K, reserved 1163264K
  class space    used 15751K, capacity 17056K, committed 17152K, reserved 1048576K
}
Event: 1557.207 GC heap before
{Heap before GC invocations=47 (full 0):
 garbage-first heap   total 258048K, used 220479K [0x0000000080000000, 0x0000000100000000)
  region size 1024K, 37 young (37888K), 3 survivors (3072K)
 Metaspace       used 129157K, capacity 132812K, committed 133148K, reserved 1165312K
  class space    used 15889K, capacity 17184K, committed 17280K, reserved 1048576K
}
Event: 1557.214 GC heap after
{Heap after GC invocations=48 (full 0):
 garbage-first heap   total 258048K, used 190358K [0x0000000080000000, 0x0000000100000000)
  region size 1024K, 5 young (5120K), 5 survivors (5120K)
 Metaspace       used 129157K, capacity 132812K, committed 133148K, reserved 1165312K
  class space    used 15889K, capacity 17184K, committed 17280K, reserved 1048576K
}
Event: 1557.326 GC heap before
{Heap before GC invocations=48 (full 0):
 garbage-first heap   total 258048K, used 197526K [0x0000000080000000, 0x0000000100000000)
  region size 1024K, 12 young (12288K), 5 survivors (5120K)
 Metaspace       used 129487K, capacity 133125K, committed 133404K, reserved 1165312K
  class space    used 15931K, capacity 17224K, committed 17280K, reserved 1048576K
}
Event: 1557.332 GC heap after
{Heap after GC invocations=49 (full 0):
 garbage-first heap   total 258048K, used 191079K [0x0000000080000000, 0x0000000100000000)
  region size 1024K, 2 young (2048K), 2 survivors (2048K)
 Metaspace       used 129487K, capacity 133125K, committed 133404K, reserved 1165312K
  class space    used 15931K, capacity 17224K, committed 17280K, reserved 1048576K
}
Event: 1557.577 GC heap before
{Heap before GC invocations=49 (full 0):
 garbage-first heap   total 258048K, used 218727K [0x0000000080000000, 0x0000000100000000)
  region size 1024K, 30 young (30720K), 2 survivors (2048K)
 Metaspace       used 130171K, capacity 133844K, committed 134044K, reserved 1165312K
  class space    used 16041K, capacity 17368K, committed 17408K, reserved 1048576K
}
Event: 1557.581 GC heap after
{Heap after GC invocations=50 (full 0):
 garbage-first heap   total 258048K, used 193195K [0x0000000080000000, 0x0000000100000000)
  region size 1024K, 4 young (4096K), 4 survivors (4096K)
 Metaspace       used 130171K, capacity 133844K, committed 134044K, reserved 1165312K
  class space    used 16041K, capacity 17368K, committed 17408K, reserved 1048576K
}
Event: 1557.921 GC heap before
{Heap before GC invocations=50 (full 0):
 garbage-first heap   total 258048K, used 221867K [0x0000000080000000, 0x0000000100000000)
  region size 1024K, 31 young (31744K), 4 survivors (4096K)
 Metaspace       used 130676K, capacity 134368K, committed 134684K, reserved 1167360K
  class space    used 16113K, capacity 17428K, committed 17536K, reserved 1048576K
}
Event: 1557.927 GC heap after
{Heap after GC invocations=51 (full 0):
 garbage-first heap   total 258048K, used 198620K [0x0000000080000000, 0x0000000100000000)
  region size 1024K, 4 young (4096K), 4 survivors (4096K)
 Metaspace       used 130676K, capacity 134368K, committed 134684K, reserved 1167360K
  class space    used 16113K, capacity 17428K, committed 17536K, reserved 1048576K
}

